<?xml version="1.0" encoding="UTF-8"?>
<testsuite name="com.company.confinance.ConfinanceApplicationTests" tests="1" skipped="0" failures="0" errors="0" timestamp="2023-12-04T20:51:17" hostname="selton-550XDA" time="0.233">
  <properties/>
  <testcase name="contextLoads()" classname="com.company.confinance.ConfinanceApplicationTests" time="0.233"/>
  <system-out><![CDATA[17:51:13.753 [Test worker] DEBUG org.springframework.test.context.BootstrapUtils - Instantiating CacheAwareContextLoaderDelegate from class [org.springframework.test.context.cache.DefaultCacheAwareContextLoaderDelegate]
17:51:13.762 [Test worker] DEBUG org.springframework.test.context.BootstrapUtils - Instantiating BootstrapContext using constructor [public org.springframework.test.context.support.DefaultBootstrapContext(java.lang.Class,org.springframework.test.context.CacheAwareContextLoaderDelegate)]
17:51:13.791 [Test worker] DEBUG org.springframework.test.context.BootstrapUtils - Instantiating TestContextBootstrapper for test class [com.company.confinance.ConfinanceApplicationTests] from class [org.springframework.boot.test.context.SpringBootTestContextBootstrapper]
17:51:13.801 [Test worker] INFO org.springframework.boot.test.context.SpringBootTestContextBootstrapper - Neither @ContextConfiguration nor @ContextHierarchy found for test class [com.company.confinance.ConfinanceApplicationTests], using SpringBootContextLoader
17:51:13.805 [Test worker] DEBUG org.springframework.test.context.support.AbstractContextLoader - Did not detect default resource location for test class [com.company.confinance.ConfinanceApplicationTests]: class path resource [com/company/confinance/ConfinanceApplicationTests-context.xml] does not exist
17:51:13.805 [Test worker] DEBUG org.springframework.test.context.support.AbstractContextLoader - Did not detect default resource location for test class [com.company.confinance.ConfinanceApplicationTests]: class path resource [com/company/confinance/ConfinanceApplicationTestsContext.groovy] does not exist
17:51:13.806 [Test worker] INFO org.springframework.test.context.support.AbstractContextLoader - Could not detect default resource locations for test class [com.company.confinance.ConfinanceApplicationTests]: no resource found for suffixes {-context.xml, Context.groovy}.
17:51:13.806 [Test worker] INFO org.springframework.test.context.support.AnnotationConfigContextLoaderUtils - Could not detect default configuration classes for test class [com.company.confinance.ConfinanceApplicationTests]: ConfinanceApplicationTests does not declare any static, non-private, non-final, nested classes annotated with @Configuration.
17:51:13.840 [Test worker] DEBUG org.springframework.test.context.support.ActiveProfilesUtils - Could not find an 'annotation declaring class' for annotation type [org.springframework.test.context.ActiveProfiles] and class [com.company.confinance.ConfinanceApplicationTests]
17:51:13.882 [Test worker] DEBUG org.springframework.context.annotation.ClassPathScanningCandidateComponentProvider - Identified candidate component class: file [/home/selton/Estudos/back-end-frameworks/build/classes/kotlin/main/com/company/confinance/ConfinanceApplication.class]
17:51:13.884 [Test worker] INFO org.springframework.boot.test.context.SpringBootTestContextBootstrapper - Found @SpringBootConfiguration com.company.confinance.ConfinanceApplication for test class com.company.confinance.ConfinanceApplicationTests
17:51:13.948 [Test worker] DEBUG org.springframework.boot.test.context.SpringBootTestContextBootstrapper - @TestExecutionListeners is not present for class [com.company.confinance.ConfinanceApplicationTests]: using defaults.
17:51:13.948 [Test worker] INFO org.springframework.boot.test.context.SpringBootTestContextBootstrapper - Loaded default TestExecutionListener class names from location [META-INF/spring.factories]: [org.springframework.security.test.context.support.WithSecurityContextTestExecutionListener, org.springframework.security.test.context.support.ReactorContextTestExecutionListener, org.springframework.boot.test.autoconfigure.restdocs.RestDocsTestExecutionListener, org.springframework.boot.test.autoconfigure.web.client.MockRestServiceServerResetTestExecutionListener, org.springframework.boot.test.autoconfigure.web.servlet.MockMvcPrintOnlyOnFailureTestExecutionListener, org.springframework.boot.test.autoconfigure.web.servlet.WebDriverTestExecutionListener, org.springframework.boot.test.autoconfigure.webservices.client.MockWebServiceServerTestExecutionListener, org.springframework.boot.test.mock.mockito.MockitoTestExecutionListener, org.springframework.boot.test.mock.mockito.ResetMocksTestExecutionListener, org.springframework.test.context.web.ServletTestExecutionListener, org.springframework.test.context.support.DirtiesContextBeforeModesTestExecutionListener, org.springframework.test.context.event.ApplicationEventsTestExecutionListener, org.springframework.test.context.support.DependencyInjectionTestExecutionListener, org.springframework.test.context.support.DirtiesContextTestExecutionListener, org.springframework.test.context.transaction.TransactionalTestExecutionListener, org.springframework.test.context.jdbc.SqlScriptsTestExecutionListener, org.springframework.test.context.event.EventPublishingTestExecutionListener]
17:51:13.960 [Test worker] INFO org.springframework.boot.test.context.SpringBootTestContextBootstrapper - Using TestExecutionListeners: [org.springframework.test.context.web.ServletTestExecutionListener@1bc715b8, org.springframework.test.context.support.DirtiesContextBeforeModesTestExecutionListener@292d1c71, org.springframework.test.context.event.ApplicationEventsTestExecutionListener@2b491fee, org.springframework.boot.test.mock.mockito.MockitoTestExecutionListener@3f1c5af9, org.springframework.boot.test.autoconfigure.SpringBootDependencyInjectionTestExecutionListener@1c55f277, org.springframework.test.context.support.DirtiesContextTestExecutionListener@5ddabb18, org.springframework.test.context.transaction.TransactionalTestExecutionListener@3e8f7922, org.springframework.test.context.jdbc.SqlScriptsTestExecutionListener@63192798, org.springframework.security.test.context.support.WithSecurityContextTestExecutionListener@50eca7c6, org.springframework.test.context.event.EventPublishingTestExecutionListener@58e6d4b8, org.springframework.security.test.context.support.ReactorContextTestExecutionListener@1de5f0ef, org.springframework.boot.test.autoconfigure.restdocs.RestDocsTestExecutionListener@376a312c, org.springframework.boot.test.autoconfigure.web.client.MockRestServiceServerResetTestExecutionListener@28d6290, org.springframework.boot.test.autoconfigure.web.servlet.MockMvcPrintOnlyOnFailureTestExecutionListener@6ca0256d, org.springframework.boot.test.autoconfigure.web.servlet.WebDriverTestExecutionListener@5ef0d29e, org.springframework.boot.test.autoconfigure.webservices.client.MockWebServiceServerTestExecutionListener@38f57b3d, org.springframework.boot.test.mock.mockito.ResetMocksTestExecutionListener@51850751]
17:51:13.963 [Test worker] DEBUG org.springframework.test.context.support.AbstractDirtiesContextTestExecutionListener - Before test class: context [DefaultTestContext@5860f3d7 testClass = ConfinanceApplicationTests, testInstance = [null], testMethod = [null], testException = [null], mergedContextConfiguration = [WebMergedContextConfiguration@1d7f7be7 testClass = ConfinanceApplicationTests, locations = '{}', classes = '{class com.company.confinance.ConfinanceApplication}', contextInitializerClasses = '[]', activeProfiles = '{}', propertySourceLocations = '{}', propertySourceProperties = '{org.springframework.boot.test.context.SpringBootTestContextBootstrapper=true}', contextCustomizers = set[org.springframework.boot.test.autoconfigure.actuate.metrics.MetricsExportContextCustomizerFactory$DisableMetricExportContextCustomizer@5a755cc1, org.springframework.boot.test.autoconfigure.properties.PropertyMappingContextCustomizer@0, org.springframework.boot.test.autoconfigure.web.servlet.WebDriverContextCustomizerFactory$Customizer@42b02722, org.springframework.boot.test.context.filter.ExcludeFilterContextCustomizer@5ce8d869, org.springframework.boot.test.json.DuplicateJsonObjectContextCustomizerFactory$DuplicateJsonObjectContextCustomizer@7a1234bf, org.springframework.boot.test.mock.mockito.MockitoContextCustomizer@0, org.springframework.boot.test.web.client.TestRestTemplateContextCustomizer@19e4fcac, org.springframework.boot.test.context.SpringBootTestArgs@1, org.springframework.boot.test.context.SpringBootTestWebEnvironment@29647f75], resourceBasePath = 'src/main/webapp', contextLoader = 'org.springframework.boot.test.context.SpringBootContextLoader', parent = [null]], attributes = map['org.springframework.test.context.web.ServletTestExecutionListener.activateListener' -> true]], class annotated with @DirtiesContext [false] with mode [null].

  .   ____          _            __ _ _
 /\\ / ___'_ __ _ _(_)_ __  __ _ \ \ \ \
( ( )\___ | '_ | '_| | '_ \/ _` | \ \ \ \
 \\/  ___)| |_)| | | | | || (_| |  ) ) ) )
  '  |____| .__|_| |_|_| |_\__, | / / / /
 =========|_|==============|___/=/_/_/_/
 :: Spring Boot ::               (v2.7.11)

2023-12-04 17:51:14.206  INFO 18811 --- [    Test worker] c.c.c.ConfinanceApplicationTests         : Starting ConfinanceApplicationTests using Java 17.0.8 on selton-550XDA with PID 18811 (started by selton in /home/selton/Estudos/back-end-frameworks)
2023-12-04 17:51:14.207  INFO 18811 --- [    Test worker] c.c.c.ConfinanceApplicationTests         : No active profile set, falling back to 1 default profile: "default"
2023-12-04 17:51:15.118  INFO 18811 --- [    Test worker] .s.d.r.c.RepositoryConfigurationDelegate : Bootstrapping Spring Data JPA repositories in DEFAULT mode.
2023-12-04 17:51:15.160  INFO 18811 --- [    Test worker] .s.d.r.c.RepositoryConfigurationDelegate : Finished Spring Data repository scanning in 37 ms. Found 4 JPA repository interfaces.
2023-12-04 17:51:15.564  INFO 18811 --- [    Test worker] o.hibernate.jpa.internal.util.LogHelper  : HHH000204: Processing PersistenceUnitInfo [name: default]
2023-12-04 17:51:15.591  INFO 18811 --- [    Test worker] org.hibernate.Version                    : HHH000412: Hibernate ORM core version 5.6.15.Final
2023-12-04 17:51:15.682  INFO 18811 --- [    Test worker] o.hibernate.annotations.common.Version   : HCANN000001: Hibernate Commons Annotations {5.1.2.Final}
2023-12-04 17:51:15.755  INFO 18811 --- [    Test worker] com.zaxxer.hikari.HikariDataSource       : HikariPool-1 - Starting...
2023-12-04 17:51:15.889  INFO 18811 --- [    Test worker] com.zaxxer.hikari.HikariDataSource       : HikariPool-1 - Start completed.
2023-12-04 17:51:15.897  INFO 18811 --- [    Test worker] org.hibernate.dialect.Dialect            : HHH000400: Using dialect: org.hibernate.dialect.MySQL5InnoDBDialect
2023-12-04 17:51:16.219  INFO 18811 --- [    Test worker] o.h.e.t.j.p.i.JtaPlatformInitiator       : HHH000490: Using JtaPlatform implementation: [org.hibernate.engine.transaction.jta.platform.internal.NoJtaPlatform]
2023-12-04 17:51:16.227  INFO 18811 --- [    Test worker] j.LocalContainerEntityManagerFactoryBean : Initialized JPA EntityManagerFactory for persistence unit 'default'
2023-12-04 17:51:16.687  WARN 18811 --- [    Test worker] JpaBaseConfiguration$JpaWebConfiguration : spring.jpa.open-in-view is enabled by default. Therefore, database queries may be performed during view rendering. Explicitly configure spring.jpa.open-in-view to disable this warning
2023-12-04 17:51:17.330  INFO 18811 --- [    Test worker] o.s.s.web.DefaultSecurityFilterChain     : Will secure any request with [org.springframework.security.web.session.DisableEncodeUrlFilter@5f510929, org.springframework.security.web.context.request.async.WebAsyncManagerIntegrationFilter@55a2ca5e, org.springframework.security.web.context.SecurityContextPersistenceFilter@1c3400df, org.springframework.security.web.header.HeaderWriterFilter@6b44121e, org.springframework.security.web.authentication.logout.LogoutFilter@476dc0af, org.springframework.security.web.authentication.www.BasicAuthenticationFilter@6956081d, org.springframework.security.web.savedrequest.RequestCacheAwareFilter@452d6fd, org.springframework.security.web.servletapi.SecurityContextHolderAwareRequestFilter@ae85aad, org.springframework.security.web.authentication.AnonymousAuthenticationFilter@6abca7a6, org.springframework.security.web.session.SessionManagementFilter@5b5e45bc, org.springframework.security.web.access.ExceptionTranslationFilter@6cb2b947, org.springframework.security.web.access.intercept.FilterSecurityInterceptor@738ae785]
2023-12-04 17:51:17.868  INFO 18811 --- [    Test worker] c.c.c.ConfinanceApplicationTests         : Started ConfinanceApplicationTests in 3.882 seconds (JVM running for 4.702)
]]></system-out>
  <system-err><![CDATA[]]></system-err>
</testsuite>
